


ARM Macro Assembler    Page 1 


    1 00000000         ;*******************************************************
                       ************************
    2 00000000         ;* File Name          : startup_cs32l015.s
    3 00000000         ;* Author             : Software Team
    4 00000000         ;* Version            : V1.0.0
    5 00000000         ;* Date               : 21-Oct-2019
    6 00000000         ;* Description        : CS32L015 vector table for MDK-AR
                       M
    7 00000000         ;*                      toolchain.
    8 00000000         ;*                      This module performs:
    9 00000000         ;*                      - Set the initial SP
   10 00000000         ;*                      - Set the initial PC == Reset_Ha
                       ndler
   11 00000000         ;*                      - Set the vector table entries w
                       ith the exceptions ISR address
   12 00000000         ;*                      - Configure the clock system
   13 00000000         ;*                      - Branches to __main in the C li
                       brary (which eventually
   14 00000000         ;*                        calls main()).
   15 00000000         ;*                      After Reset the CortexM0+ proces
                       sor is in Thread mode,
   16 00000000         ;*                      priority is Privileged, and the 
                       Stack is set to Main.
   17 00000000         ;*******************************************************
                       ************************
   18 00000000         
   19 00000000         ; Amount of memory (in bytes) allocated for Stack
   20 00000000         ; Tailor this value to your application needs
   21 00000000         ; <h> Stack Configuration
   22 00000000         ;   <o> Stack Size (in Bytes) <0x0-0xFFFFFFFF:8>
   23 00000000         ; </h>
   24 00000000         
   25 00000000         
   26 00000000         ; Amount of memory (in bytes) allocated for Stack
   27 00000000         ; Tailor this value to your application needs
   28 00000000         ; <h> Stack Configuration
   29 00000000         ; <o> Stack Size (in Bytes) <0x0-0xFFFFFFFF:8>
   30 00000000         ; </h>
   31 00000000         
   32 00000000 00000200 
                       Stack_Size
                               EQU              0x00000200
   33 00000000         
   34 00000000                 AREA             STACK, NOINIT, READWRITE, ALIGN
=3
   35 00000000         Stack_Mem
                               SPACE            Stack_Size
   36 00000200         __initial_sp
   37 00000200         
   38 00000200         
   39 00000200         ; <h> Heap Configuration
   40 00000200         ; <o>  Heap Size (in Bytes) <0x0-0xFFFFFFFF:8>
   41 00000200         ; </h>
   42 00000200         
   43 00000200 00000200 
                       Heap_Size
                               EQU              0x00000200
   44 00000200         
   45 00000200                 AREA             HEAP, NOINIT, READWRITE, ALIGN=



ARM Macro Assembler    Page 2 


3
   46 00000000         __heap_base
   47 00000000         Heap_Mem
                               SPACE            Heap_Size
   48 00000200         __heap_limit
   49 00000200         
   50 00000200         
   51 00000200                 PRESERVE8
   52 00000200                 THUMB
   53 00000200         
   54 00000200         
   55 00000200         ; Vector Table Mapped to Address 0 at Reset
   56 00000200         
   57 00000200                 AREA             RESET, DATA, READONLY
   58 00000000                 EXPORT           __Vectors
   59 00000000                 EXPORT           __Vectors_End
   60 00000000                 EXPORT           __Vectors_Size
   61 00000000         
   62 00000000 00000000 
                       __Vectors
                               DCD              __initial_sp ; Top of Stack
   63 00000004 00000000        DCD              Reset_Handler ; Reset Handler
   64 00000008 00000000        DCD              NMI_Handler ; NMI Handler
   65 0000000C 00000000        DCD              HardFault_Handler ; Hard Fault 
                                                            Handler
   66 00000010 00000000        DCD              0           ; Reserved
   67 00000014 00000000        DCD              0           ; Reserved
   68 00000018 00000000        DCD              0           ; Reserved
   69 0000001C 00000000        DCD              0           ; Reserved
   70 00000020 00000000        DCD              0           ; Reserved
   71 00000024 00000000        DCD              0           ; Reserved
   72 00000028 00000000        DCD              0           ; Reserved
   73 0000002C 00000000        DCD              SVC_Handler ; SVCall Handler
   74 00000030 00000000        DCD              0           ; Reserved
   75 00000034 00000000        DCD              0           ; Reserved
   76 00000038 00000000        DCD              PendSV_Handler ; PendSV Handler
                                                            
   77 0000003C 00000000        DCD              SysTick_Handler 
                                                            ; SysTick Handler
   78 00000040         
   79 00000040         
   80 00000040         ; External Interrupts
   81 00000040 00000000        DCD              GPIOA_IRQHandler ; GPIOA_IRQn  
                                                                    = 0,
   82 00000044 00000000        DCD              GPIOB_IRQHandler ; GPIOB_IRQn  
                                                                    = 1,
   83 00000048 00000000        DCD              GPIOC_IRQHandler ; GPIOC_IRQn  
                                                                    = 2,
   84 0000004C 00000000        DCD              GPIOD_IRQHandler ; GPIOD_IRQn  
                                                                    = 3,
   85 00000050 00000000        DCD              FLASH_IRQHandler ; FLASH_IRQHan
                                                            dler    = 4,
   86 00000054 00000000        DCD              0           ; Reserved---------
                                                            -----5,
   87 00000058 00000000        DCD              UART0_IRQHandler ; UART0_IRQn  
                                                                    = 6,
   88 0000005C 00000000        DCD              UART1_IRQHandler ; UART1_IRQn  
                                                                    = 7,
   89 00000060 00000000        DCD              LPUART_IRQHandler ; LPUART_IRQn



ARM Macro Assembler    Page 3 


                                                                     = 8,
   90 00000064 00000000        DCD              UART2_3_IRQHandler ; UART2_3_IR
                                                            Qn        = 9,
   91 00000068 00000000        DCD              SPI0_1_IRQHandler ; SPI0_1_IRQn
                                                                     = 10
   92 0000006C 00000000        DCD              TIM5_IRQHandler ; TIM5_IRQn    
                                                                  = 11,
   93 00000070 00000000        DCD              I2C0_1_IRQHandler ; I2C0_1_IRQn
                                                                     = 12,
   94 00000074 00000000        DCD              TIM8_IRQHandler ; TIM8_IRQn    
                                                                  = 13,
   95 00000078 00000000        DCD              TIM10_IRQHandler ; TIM10_IRQn  
                                                                    = 14,
   96 0000007C 00000000        DCD              TIM11_IRQHandler ; TIM11_IRQn  
                                                                    = 15,
   97 00000080 00000000        DCD              LPTIM_IRQHandler ; LPTIMER_IRQn
                                                                    = 16,
   98 00000084 00000000        DCD              TIM7_IRQHandler ; TIM7_IRQn    
                                                                  = 17,
   99 00000088 00000000        DCD              TIM1_IRQHandler ; ADVTIM1      
                                                                   = 18,
  100 0000008C 00000000        DCD              TIM2_IRQHandler ; ADVTIM2------
                                                            ---------19,
  101 00000090 00000000        DCD              TIM3_IRQHandler ; TIM3_IRQn    
                                                                  = 20,
  102 00000094 00000000        DCD              PCA_IRQHandler ; PCA_IRQn      
                                                                  = 21,
  103 00000098 00000000        DCD              WWDT_IRQHandler ; WWDT_IRQn    
                                                                   = 22,
  104 0000009C 00000000        DCD              FWDT_IRQHandler ; IWDT_IRQn    
                                                                   = 23,
  105 000000A0 00000000        DCD              ADC_IRQHandler ; ADC_IRQn      
                                                                  = 24,
  106 000000A4 00000000        DCD              LVD_IRQHandler ; LVD_IRQn      
                                                                  = 25,
  107 000000A8 00000000        DCD              VC0_1_IRQHandler ; VC0_1_IRQn  
                                                                    = 26,
  108 000000AC 00000000        DCD              TIM4_IRQHandler ; TIM4_IRQn    
                                                                  = 27,
  109 000000B0 00000000        DCD              AWT_IRQHandler ; AWT_IRQn      
                                                                  = 28,
  110 000000B4 00000000        DCD              OWI_IRQHandler ; OWI_IRQn      
                                                                = 29,
  111 000000B8 00000000        DCD              RTC_IRQHandler ; RTC_MATCH0_IRQ
                                                            n     = 30,
  112 000000BC 00000000        DCD              CLKTRIM_IRQHandler ; CLKTRIM_IR
                                                            Qn        = 31
  113 000000C0         __Vectors_End
  114 000000C0         
  115 000000C0 000000C0 
                       __Vectors_Size
                               EQU              __Vectors_End - __Vectors
  116 000000C0         
  117 000000C0                 AREA             |.text|, CODE, READONLY
  118 00000000         
  119 00000000         
  120 00000000         ; Reset Handler
  121 00000000         
  122 00000000         Reset_Handler



ARM Macro Assembler    Page 4 


                               PROC
  123 00000000                 EXPORT           Reset_Handler             [WEAK
]
  124 00000000                 IMPORT           SystemInit
  125 00000000                 IMPORT           __main
  126 00000000 4804            LDR              R0, =SystemInit
  127 00000002 4780            BLX              R0
  128 00000004 4804            LDR              R0, =__main
  129 00000006 4700            BX               R0
  130 00000008                 ENDP
  131 00000008         
  132 00000008         
  133 00000008         ; Dummy Exception Handlers (infinite loops which can be 
                       modified)
  134 00000008         
  135 00000008         NMI_Handler
                               PROC
  136 00000008                 EXPORT           NMI_Handler               [WEAK
]
  137 00000008 E7FE            B                .
  138 0000000A                 ENDP
  140 0000000A         HardFault_Handler
                               PROC
  141 0000000A                 EXPORT           HardFault_Handler         [WEAK
]
  142 0000000A E7FE            B                .
  143 0000000C                 ENDP
  144 0000000C         SVC_Handler
                               PROC
  145 0000000C                 EXPORT           SVC_Handler               [WEAK
]
  146 0000000C E7FE            B                .
  147 0000000E                 ENDP
  148 0000000E         PendSV_Handler
                               PROC
  149 0000000E                 EXPORT           PendSV_Handler            [WEAK
]
  150 0000000E E7FE            B                .
  151 00000010                 ENDP
  152 00000010         SysTick_Handler
                               PROC
  153 00000010                 EXPORT           SysTick_Handler           [WEAK
]
  154 00000010 E7FE            B                .
  155 00000012                 ENDP
  156 00000012         
  157 00000012         Default_Handler
                               PROC
  158 00000012         
  159 00000012                 EXPORT           GPIOA_IRQHandler          [WEAK
] 
                                                            ; GPIOA_IRQn       
                                                               = 0,
  160 00000012                 EXPORT           GPIOB_IRQHandler          [WEAK
] 
                                                            ; GPIOB_IRQn       
                                                               = 1,
  161 00000012                 EXPORT           GPIOC_IRQHandler          [WEAK
] 



ARM Macro Assembler    Page 5 


                                                            ; GPIOC_IRQn       
                                                               = 2,
  162 00000012                 EXPORT           GPIOD_IRQHandler          [WEAK
] 
                                                            ; GPIOD_IRQn       
                                                               = 3,
  163 00000012                 EXPORT           FLASH_IRQHandler          [WEAK
] 
                                                            ; FLASH_IRQHandler 
                                                               = 4,
  164 00000012         ;EXPORT  0                        [WEAK]  ; Reserved----
                       ----------5,
  165 00000012                 EXPORT           UART0_IRQHandler          [WEAK
] 
                                                            ; UART0_IRQn       
                                                               = 6,
  166 00000012                 EXPORT           UART1_IRQHandler          [WEAK
] 
                                                            ; UART1_IRQn       
                                                               = 7,
  167 00000012                 EXPORT           LPUART_IRQHandler         [WEAK
] 
                                                            ; LPUART_IRQn      
                                                               = 8,
  168 00000012                 EXPORT           UART2_3_IRQHandler        [WEAK
] 
                                                            ; UART2_3_IRQn     
                                                               = 9,
  169 00000012                 EXPORT           SPI0_1_IRQHandler         [WEAK
] 
                                                            ; SPI0_1_IRQn      
                                                               = 10,
  170 00000012                 EXPORT           TIM5_IRQHandler           [WEAK
] 
                                                            ; TIM5_IRQn        
                                                              = 11,
  171 00000012                 EXPORT           I2C0_1_IRQHandler         [WEAK
] 
                                                            ; I2C0_1_IRQn      
                                                               = 12,
  172 00000012                 EXPORT           TIM8_IRQHandler          [WEAK]
 
                                                            ; TIM8_IRQn        
                                                              = 13,
  173 00000012                 EXPORT           TIM10_IRQHandler          [WEAK
] 
                                                            ; TIM10_IRQn       
                                                               = 14,
  174 00000012                 EXPORT           TIM11_IRQHandler          [WEAK
] 
                                                            ; TIM11_IRQn       
                                                               = 15,
  175 00000012                 EXPORT           LPTIM_IRQHandler          [WEAK
] 
                                                            ; LPTIMER_IRQn     
                                                               = 16,
  176 00000012                 EXPORT           TIM7_IRQHandler          [WEAK]
 
                                                            ; TIM7_IRQn        



ARM Macro Assembler    Page 6 


                                                              = 17,
  177 00000012                 EXPORT           TIM1_IRQHandler           [WEAK
] 
                                                            ; ADVTIM1          
                                                               = 18,
  178 00000012                 EXPORT           TIM2_IRQHandler           [WEAK
] 
                                                            ; ADVTIM2          
                                                               = 19,
  179 00000012                 EXPORT           TIM3_IRQHandler          [WEAK]
 
                                                            ; TIM3_IRQn        
                                                              = 20,
  180 00000012                 EXPORT           PCA_IRQHandler            [WEAK
] 
                                                            ; PCA_IRQn         
                                                               = 21,
  181 00000012                 EXPORT           WWDT_IRQHandler           [WEAK
] 
                                                            ; WWDT_IRQn        
                                                               = 22,
  182 00000012                 EXPORT           FWDT_IRQHandler           [WEAK
] 
                                                            ; IWDT_IRQn        
                                                               = 23,
  183 00000012                 EXPORT           ADC_IRQHandler            [WEAK
] 
                                                            ; ADC0_IRQn        
                                                               = 24,
  184 00000012                 EXPORT           LVD_IRQHandler            [WEAK
] 
                                                            ; LVD_IRQn         
                                                               = 25,
  185 00000012                 EXPORT           VC0_1_IRQHandler          [WEAK
] 
                                                            ; VC0_1_IRQn       
                                                               = 26,
  186 00000012                 EXPORT           TIM4_IRQHandler          [WEAK]
 
                                                            ; TIM4_IRQn        
                                                              = 27,
  187 00000012                 EXPORT           AWT_IRQHandler            [WEAK
] 
                                                            ; AWT_IRQn         
                                                               = 28,
  188 00000012                 EXPORT           OWI_IRQHandler          [WEAK] 
                                                            ; OWI_IRQn         
                                                             = 29,
  189 00000012                 EXPORT           RTC_IRQHandler            [WEAK
] 
                                                            ; RTC_MATCH0_IRQn  
                                                               = 30,
  190 00000012                 EXPORT           CLKTRIM_IRQHandler        [WEAK
] 
                                                            ; CLKTRIM_IRQn     
                                                               = 31
  191 00000012         
  192 00000012         
  193 00000012         GPIOA_IRQHandler                     ; GPIOA_IRQn       



ARM Macro Assembler    Page 7 


                                                               = 0,
  194 00000012         GPIOB_IRQHandler                     ; GPIOB_IRQn       
                                                               = 1,
  195 00000012         GPIOC_IRQHandler                     ; GPIOC_IRQn       
                                                               = 2,
  196 00000012         GPIOD_IRQHandler                     ; GPIOD_IRQn       
                                                               = 3,
  197 00000012         FLASH_IRQHandler                     ; FLASH_IRQHandler 
                                                               = 4,
  198 00000012         ;0                         ; Reserved---------------5,
  199 00000012         UART0_IRQHandler                     ; UART0_IRQn       
                                                               = 6,
  200 00000012         UART1_IRQHandler                     ; UART1_IRQn       
                                                               = 7,
  201 00000012         LPUART_IRQHandler                    ; LPUART_IRQn      
                                                               = 8,
  202 00000012         UART2_3_IRQHandler                   ; UART2_3_IRQn     
                                                               = 9,
  203 00000012         SPI0_1_IRQHandler                    ; SPI0_1_IRQn      
                                                               = 10,
  204 00000012         TIM5_IRQHandler                      ; TIM5_IRQn        
                                                              = 11,
  205 00000012         I2C0_1_IRQHandler                    ; I2C0_1_IRQn      
                                                               = 12,
  206 00000012         TIM8_IRQHandler                      ; TIM8_IRQn        
                                                              = 13,
  207 00000012         TIM10_IRQHandler                     ; TIMER0_IRQn      
                                                               = 14,
  208 00000012         TIM11_IRQHandler                     ; TIMER1_IRQn      
                                                               = 15,
  209 00000012         LPTIM_IRQHandler                     ; LPTIMER_IRQn     
                                                               = 16,
  210 00000012         TIM7_IRQHandler                      ; TIM7_IRQn        
                                                              = 17,
  211 00000012         TIM1_IRQHandler                      ; ADVTim1_IRQn     
                                                               = 18,
  212 00000012         TIM2_IRQHandler                      ; ADVTim2_IRQn     
                                                               = 19,
  213 00000012         TIM3_IRQHandler                      ; TIM3_IRQn        
                                                              = 20,
  214 00000012         PCA_IRQHandler                       ; PCA_IRQn         
                                                               = 21,
  215 00000012         WWDT_IRQHandler                      ; WWDT_IRQn        
                                                               = 22,
  216 00000012         FWDT_IRQHandler                      ; IWDT_IRQn        
                                                               = 23,
  217 00000012         ADC_IRQHandler                       ; ADC_IRQHandler   
                                                               = 24,
  218 00000012         LVD_IRQHandler                       ; LVD_IRQn         
                                                               = 25,
  219 00000012         VC0_1_IRQHandler                     ; VC0_1_IRQn       
                                                               = 26,
  220 00000012         TIM4_IRQHandler                      ; TIM4_IRQn        
                                                              = 27,
  221 00000012         AWT_IRQHandler                       ; AWT_IRQn         
                                                               = 28,
  222 00000012         OWI_IRQHandler                       ; OWI_IRQn         
                                                             = 29,
  223 00000012         RTC_IRQHandler                       ; RTC_IRQHandler   



ARM Macro Assembler    Page 8 


                                                               = 30,
  224 00000012         CLKTRIM_IRQHandler                   ; CLKTRIM_IRQn     
                                                               = 31
  225 00000012         
  226 00000012 E7FE            B                .
  227 00000014         
  228 00000014                 ENDP
  229 00000014         
  230 00000014                 ALIGN
  231 00000014         
  232 00000014         ; User Initial Stack & Heap
  233 00000014         
  234 00000014                 IF               :DEF:__MICROLIB
  235 00000014         
  236 00000014                 EXPORT           __initial_sp
  237 00000014                 EXPORT           __heap_base
  238 00000014                 EXPORT           __heap_limit
  239 00000014         
  240 00000014                 ELSE
  255                          ENDIF
  256 00000014         
  257 00000014         
  258 00000014                 END
              00000000 
              00000000 
Command Line: --debug --xref --diag_suppress=9931,A1950W --cpu=Cortex-M0+ --dep
end=project\startup_cs32l015.d -oproject\startup_cs32l015.o -I.\RTE\_Project -I
C:\Users\dinh.bui\AppData\Local\Arm\Packs\ARM\CMSIS\6.1.0\CMSIS\Core\Include -I
C:\Users\dinh.bui\Downloads\Chipsea.CS32L015_DFP\Device\HAL_Driver\inc -IC:\Use
rs\dinh.bui\Downloads\Chipsea.CS32L015_DFP\Device\Include --predefine="__MICROL
IB SETA 1" --predefine="__UVISION_VERSION SETA 541" --predefine="_RTE_ SETA 1" 
--list=startup_cs32l015.lst RTE/Device/CS32L015/startup_cs32l015.s



ARM Macro Assembler    Page 1 Alphabetic symbol ordering
Relocatable symbols

STACK 00000000

Symbol: STACK
   Definitions
      At line 34 in file RTE/Device/CS32L015/startup_cs32l015.s
   Uses
      None
Comment: STACK unused
Stack_Mem 00000000

Symbol: Stack_Mem
   Definitions
      At line 35 in file RTE/Device/CS32L015/startup_cs32l015.s
   Uses
      None
Comment: Stack_Mem unused
__initial_sp 00000200

Symbol: __initial_sp
   Definitions
      At line 36 in file RTE/Device/CS32L015/startup_cs32l015.s
   Uses
      At line 62 in file RTE/Device/CS32L015/startup_cs32l015.s
      At line 236 in file RTE/Device/CS32L015/startup_cs32l015.s

3 symbols



ARM Macro Assembler    Page 1 Alphabetic symbol ordering
Relocatable symbols

HEAP 00000000

Symbol: HEAP
   Definitions
      At line 45 in file RTE/Device/CS32L015/startup_cs32l015.s
   Uses
      None
Comment: HEAP unused
Heap_Mem 00000000

Symbol: Heap_Mem
   Definitions
      At line 47 in file RTE/Device/CS32L015/startup_cs32l015.s
   Uses
      None
Comment: Heap_Mem unused
__heap_base 00000000

Symbol: __heap_base
   Definitions
      At line 46 in file RTE/Device/CS32L015/startup_cs32l015.s
   Uses
      At line 237 in file RTE/Device/CS32L015/startup_cs32l015.s
Comment: __heap_base used once
__heap_limit 00000200

Symbol: __heap_limit
   Definitions
      At line 48 in file RTE/Device/CS32L015/startup_cs32l015.s
   Uses
      At line 238 in file RTE/Device/CS32L015/startup_cs32l015.s
Comment: __heap_limit used once
4 symbols



ARM Macro Assembler    Page 1 Alphabetic symbol ordering
Relocatable symbols

RESET 00000000

Symbol: RESET
   Definitions
      At line 57 in file RTE/Device/CS32L015/startup_cs32l015.s
   Uses
      None
Comment: RESET unused
__Vectors 00000000

Symbol: __Vectors
   Definitions
      At line 62 in file RTE/Device/CS32L015/startup_cs32l015.s
   Uses
      At line 58 in file RTE/Device/CS32L015/startup_cs32l015.s
      At line 115 in file RTE/Device/CS32L015/startup_cs32l015.s

__Vectors_End 000000C0

Symbol: __Vectors_End
   Definitions
      At line 113 in file RTE/Device/CS32L015/startup_cs32l015.s
   Uses
      At line 59 in file RTE/Device/CS32L015/startup_cs32l015.s
      At line 115 in file RTE/Device/CS32L015/startup_cs32l015.s

3 symbols



ARM Macro Assembler    Page 1 Alphabetic symbol ordering
Relocatable symbols

.text 00000000

Symbol: .text
   Definitions
      At line 117 in file RTE/Device/CS32L015/startup_cs32l015.s
   Uses
      None
Comment: .text unused
ADC_IRQHandler 00000012

Symbol: ADC_IRQHandler
   Definitions
      At line 217 in file RTE/Device/CS32L015/startup_cs32l015.s
   Uses
      At line 105 in file RTE/Device/CS32L015/startup_cs32l015.s
      At line 183 in file RTE/Device/CS32L015/startup_cs32l015.s

AWT_IRQHandler 00000012

Symbol: AWT_IRQHandler
   Definitions
      At line 221 in file RTE/Device/CS32L015/startup_cs32l015.s
   Uses
      At line 109 in file RTE/Device/CS32L015/startup_cs32l015.s
      At line 187 in file RTE/Device/CS32L015/startup_cs32l015.s

CLKTRIM_IRQHandler 00000012

Symbol: CLKTRIM_IRQHandler
   Definitions
      At line 224 in file RTE/Device/CS32L015/startup_cs32l015.s
   Uses
      At line 112 in file RTE/Device/CS32L015/startup_cs32l015.s
      At line 190 in file RTE/Device/CS32L015/startup_cs32l015.s

Default_Handler 00000012

Symbol: Default_Handler
   Definitions
      At line 157 in file RTE/Device/CS32L015/startup_cs32l015.s
   Uses
      None
Comment: Default_Handler unused
FLASH_IRQHandler 00000012

Symbol: FLASH_IRQHandler
   Definitions
      At line 197 in file RTE/Device/CS32L015/startup_cs32l015.s
   Uses
      At line 85 in file RTE/Device/CS32L015/startup_cs32l015.s
      At line 163 in file RTE/Device/CS32L015/startup_cs32l015.s

FWDT_IRQHandler 00000012

Symbol: FWDT_IRQHandler
   Definitions
      At line 216 in file RTE/Device/CS32L015/startup_cs32l015.s
   Uses
      At line 104 in file RTE/Device/CS32L015/startup_cs32l015.s



ARM Macro Assembler    Page 2 Alphabetic symbol ordering
Relocatable symbols

      At line 182 in file RTE/Device/CS32L015/startup_cs32l015.s

GPIOA_IRQHandler 00000012

Symbol: GPIOA_IRQHandler
   Definitions
      At line 193 in file RTE/Device/CS32L015/startup_cs32l015.s
   Uses
      At line 81 in file RTE/Device/CS32L015/startup_cs32l015.s
      At line 159 in file RTE/Device/CS32L015/startup_cs32l015.s

GPIOB_IRQHandler 00000012

Symbol: GPIOB_IRQHandler
   Definitions
      At line 194 in file RTE/Device/CS32L015/startup_cs32l015.s
   Uses
      At line 82 in file RTE/Device/CS32L015/startup_cs32l015.s
      At line 160 in file RTE/Device/CS32L015/startup_cs32l015.s

GPIOC_IRQHandler 00000012

Symbol: GPIOC_IRQHandler
   Definitions
      At line 195 in file RTE/Device/CS32L015/startup_cs32l015.s
   Uses
      At line 83 in file RTE/Device/CS32L015/startup_cs32l015.s
      At line 161 in file RTE/Device/CS32L015/startup_cs32l015.s

GPIOD_IRQHandler 00000012

Symbol: GPIOD_IRQHandler
   Definitions
      At line 196 in file RTE/Device/CS32L015/startup_cs32l015.s
   Uses
      At line 84 in file RTE/Device/CS32L015/startup_cs32l015.s
      At line 162 in file RTE/Device/CS32L015/startup_cs32l015.s

HardFault_Handler 0000000A

Symbol: HardFault_Handler
   Definitions
      At line 140 in file RTE/Device/CS32L015/startup_cs32l015.s
   Uses
      At line 65 in file RTE/Device/CS32L015/startup_cs32l015.s
      At line 141 in file RTE/Device/CS32L015/startup_cs32l015.s

I2C0_1_IRQHandler 00000012

Symbol: I2C0_1_IRQHandler
   Definitions
      At line 205 in file RTE/Device/CS32L015/startup_cs32l015.s
   Uses
      At line 93 in file RTE/Device/CS32L015/startup_cs32l015.s
      At line 171 in file RTE/Device/CS32L015/startup_cs32l015.s

LPTIM_IRQHandler 00000012

Symbol: LPTIM_IRQHandler



ARM Macro Assembler    Page 3 Alphabetic symbol ordering
Relocatable symbols

   Definitions
      At line 209 in file RTE/Device/CS32L015/startup_cs32l015.s
   Uses
      At line 97 in file RTE/Device/CS32L015/startup_cs32l015.s
      At line 175 in file RTE/Device/CS32L015/startup_cs32l015.s

LPUART_IRQHandler 00000012

Symbol: LPUART_IRQHandler
   Definitions
      At line 201 in file RTE/Device/CS32L015/startup_cs32l015.s
   Uses
      At line 89 in file RTE/Device/CS32L015/startup_cs32l015.s
      At line 167 in file RTE/Device/CS32L015/startup_cs32l015.s

LVD_IRQHandler 00000012

Symbol: LVD_IRQHandler
   Definitions
      At line 218 in file RTE/Device/CS32L015/startup_cs32l015.s
   Uses
      At line 106 in file RTE/Device/CS32L015/startup_cs32l015.s
      At line 184 in file RTE/Device/CS32L015/startup_cs32l015.s

NMI_Handler 00000008

Symbol: NMI_Handler
   Definitions
      At line 135 in file RTE/Device/CS32L015/startup_cs32l015.s
   Uses
      At line 64 in file RTE/Device/CS32L015/startup_cs32l015.s
      At line 136 in file RTE/Device/CS32L015/startup_cs32l015.s

OWI_IRQHandler 00000012

Symbol: OWI_IRQHandler
   Definitions
      At line 222 in file RTE/Device/CS32L015/startup_cs32l015.s
   Uses
      At line 110 in file RTE/Device/CS32L015/startup_cs32l015.s
      At line 188 in file RTE/Device/CS32L015/startup_cs32l015.s

PCA_IRQHandler 00000012

Symbol: PCA_IRQHandler
   Definitions
      At line 214 in file RTE/Device/CS32L015/startup_cs32l015.s
   Uses
      At line 102 in file RTE/Device/CS32L015/startup_cs32l015.s
      At line 180 in file RTE/Device/CS32L015/startup_cs32l015.s

PendSV_Handler 0000000E

Symbol: PendSV_Handler
   Definitions
      At line 148 in file RTE/Device/CS32L015/startup_cs32l015.s
   Uses
      At line 76 in file RTE/Device/CS32L015/startup_cs32l015.s
      At line 149 in file RTE/Device/CS32L015/startup_cs32l015.s



ARM Macro Assembler    Page 4 Alphabetic symbol ordering
Relocatable symbols


RTC_IRQHandler 00000012

Symbol: RTC_IRQHandler
   Definitions
      At line 223 in file RTE/Device/CS32L015/startup_cs32l015.s
   Uses
      At line 111 in file RTE/Device/CS32L015/startup_cs32l015.s
      At line 189 in file RTE/Device/CS32L015/startup_cs32l015.s

Reset_Handler 00000000

Symbol: Reset_Handler
   Definitions
      At line 122 in file RTE/Device/CS32L015/startup_cs32l015.s
   Uses
      At line 63 in file RTE/Device/CS32L015/startup_cs32l015.s
      At line 123 in file RTE/Device/CS32L015/startup_cs32l015.s

SPI0_1_IRQHandler 00000012

Symbol: SPI0_1_IRQHandler
   Definitions
      At line 203 in file RTE/Device/CS32L015/startup_cs32l015.s
   Uses
      At line 91 in file RTE/Device/CS32L015/startup_cs32l015.s
      At line 169 in file RTE/Device/CS32L015/startup_cs32l015.s

SVC_Handler 0000000C

Symbol: SVC_Handler
   Definitions
      At line 144 in file RTE/Device/CS32L015/startup_cs32l015.s
   Uses
      At line 73 in file RTE/Device/CS32L015/startup_cs32l015.s
      At line 145 in file RTE/Device/CS32L015/startup_cs32l015.s

SysTick_Handler 00000010

Symbol: SysTick_Handler
   Definitions
      At line 152 in file RTE/Device/CS32L015/startup_cs32l015.s
   Uses
      At line 77 in file RTE/Device/CS32L015/startup_cs32l015.s
      At line 153 in file RTE/Device/CS32L015/startup_cs32l015.s

TIM10_IRQHandler 00000012

Symbol: TIM10_IRQHandler
   Definitions
      At line 207 in file RTE/Device/CS32L015/startup_cs32l015.s
   Uses
      At line 95 in file RTE/Device/CS32L015/startup_cs32l015.s
      At line 173 in file RTE/Device/CS32L015/startup_cs32l015.s

TIM11_IRQHandler 00000012

Symbol: TIM11_IRQHandler
   Definitions



ARM Macro Assembler    Page 5 Alphabetic symbol ordering
Relocatable symbols

      At line 208 in file RTE/Device/CS32L015/startup_cs32l015.s
   Uses
      At line 96 in file RTE/Device/CS32L015/startup_cs32l015.s
      At line 174 in file RTE/Device/CS32L015/startup_cs32l015.s

TIM1_IRQHandler 00000012

Symbol: TIM1_IRQHandler
   Definitions
      At line 211 in file RTE/Device/CS32L015/startup_cs32l015.s
   Uses
      At line 99 in file RTE/Device/CS32L015/startup_cs32l015.s
      At line 177 in file RTE/Device/CS32L015/startup_cs32l015.s

TIM2_IRQHandler 00000012

Symbol: TIM2_IRQHandler
   Definitions
      At line 212 in file RTE/Device/CS32L015/startup_cs32l015.s
   Uses
      At line 100 in file RTE/Device/CS32L015/startup_cs32l015.s
      At line 178 in file RTE/Device/CS32L015/startup_cs32l015.s

TIM3_IRQHandler 00000012

Symbol: TIM3_IRQHandler
   Definitions
      At line 213 in file RTE/Device/CS32L015/startup_cs32l015.s
   Uses
      At line 101 in file RTE/Device/CS32L015/startup_cs32l015.s
      At line 179 in file RTE/Device/CS32L015/startup_cs32l015.s

TIM4_IRQHandler 00000012

Symbol: TIM4_IRQHandler
   Definitions
      At line 220 in file RTE/Device/CS32L015/startup_cs32l015.s
   Uses
      At line 108 in file RTE/Device/CS32L015/startup_cs32l015.s
      At line 186 in file RTE/Device/CS32L015/startup_cs32l015.s

TIM5_IRQHandler 00000012

Symbol: TIM5_IRQHandler
   Definitions
      At line 204 in file RTE/Device/CS32L015/startup_cs32l015.s
   Uses
      At line 92 in file RTE/Device/CS32L015/startup_cs32l015.s
      At line 170 in file RTE/Device/CS32L015/startup_cs32l015.s

TIM7_IRQHandler 00000012

Symbol: TIM7_IRQHandler
   Definitions
      At line 210 in file RTE/Device/CS32L015/startup_cs32l015.s
   Uses
      At line 98 in file RTE/Device/CS32L015/startup_cs32l015.s
      At line 176 in file RTE/Device/CS32L015/startup_cs32l015.s




ARM Macro Assembler    Page 6 Alphabetic symbol ordering
Relocatable symbols

TIM8_IRQHandler 00000012

Symbol: TIM8_IRQHandler
   Definitions
      At line 206 in file RTE/Device/CS32L015/startup_cs32l015.s
   Uses
      At line 94 in file RTE/Device/CS32L015/startup_cs32l015.s
      At line 172 in file RTE/Device/CS32L015/startup_cs32l015.s

UART0_IRQHandler 00000012

Symbol: UART0_IRQHandler
   Definitions
      At line 199 in file RTE/Device/CS32L015/startup_cs32l015.s
   Uses
      At line 87 in file RTE/Device/CS32L015/startup_cs32l015.s
      At line 165 in file RTE/Device/CS32L015/startup_cs32l015.s

UART1_IRQHandler 00000012

Symbol: UART1_IRQHandler
   Definitions
      At line 200 in file RTE/Device/CS32L015/startup_cs32l015.s
   Uses
      At line 88 in file RTE/Device/CS32L015/startup_cs32l015.s
      At line 166 in file RTE/Device/CS32L015/startup_cs32l015.s

UART2_3_IRQHandler 00000012

Symbol: UART2_3_IRQHandler
   Definitions
      At line 202 in file RTE/Device/CS32L015/startup_cs32l015.s
   Uses
      At line 90 in file RTE/Device/CS32L015/startup_cs32l015.s
      At line 168 in file RTE/Device/CS32L015/startup_cs32l015.s

VC0_1_IRQHandler 00000012

Symbol: VC0_1_IRQHandler
   Definitions
      At line 219 in file RTE/Device/CS32L015/startup_cs32l015.s
   Uses
      At line 107 in file RTE/Device/CS32L015/startup_cs32l015.s
      At line 185 in file RTE/Device/CS32L015/startup_cs32l015.s

WWDT_IRQHandler 00000012

Symbol: WWDT_IRQHandler
   Definitions
      At line 215 in file RTE/Device/CS32L015/startup_cs32l015.s
   Uses
      At line 103 in file RTE/Device/CS32L015/startup_cs32l015.s
      At line 181 in file RTE/Device/CS32L015/startup_cs32l015.s

39 symbols



ARM Macro Assembler    Page 1 Alphabetic symbol ordering
Absolute symbols

Heap_Size 00000200

Symbol: Heap_Size
   Definitions
      At line 43 in file RTE/Device/CS32L015/startup_cs32l015.s
   Uses
      At line 47 in file RTE/Device/CS32L015/startup_cs32l015.s
Comment: Heap_Size used once
Stack_Size 00000200

Symbol: Stack_Size
   Definitions
      At line 32 in file RTE/Device/CS32L015/startup_cs32l015.s
   Uses
      At line 35 in file RTE/Device/CS32L015/startup_cs32l015.s
Comment: Stack_Size used once
__Vectors_Size 000000C0

Symbol: __Vectors_Size
   Definitions
      At line 115 in file RTE/Device/CS32L015/startup_cs32l015.s
   Uses
      At line 60 in file RTE/Device/CS32L015/startup_cs32l015.s
Comment: __Vectors_Size used once
3 symbols



ARM Macro Assembler    Page 1 Alphabetic symbol ordering
External symbols

SystemInit 00000000

Symbol: SystemInit
   Definitions
      At line 124 in file RTE/Device/CS32L015/startup_cs32l015.s
   Uses
      At line 126 in file RTE/Device/CS32L015/startup_cs32l015.s
Comment: SystemInit used once
__main 00000000

Symbol: __main
   Definitions
      At line 125 in file RTE/Device/CS32L015/startup_cs32l015.s
   Uses
      At line 128 in file RTE/Device/CS32L015/startup_cs32l015.s
Comment: __main used once
2 symbols
389 symbols in table
